<?xml version="1.0" encoding="UTF-8"?>
<!-- Generated by org.testng.reporters.JUnitReportReporter -->
<testsuite skipped="0" hostname="LAPTOP-NBRT2PUV" name="stepDefinitions.ParallelTests" tests="1" failures="0" timestamp="16 Dec 2018 14:17:38 GMT" time="0.003" errors="0">
  <testcase name="testing" time="0.003" classname="stepDefinitions.ParallelTests"/>
</testsuite> <!-- stepDefinitions.ParallelTests -->
